2023-05-29 12:45:14,305	[DEBUG]	==== CONFIG ====
[magpie]
import = 
seed = 
log_dir = _magpie_logs
work_dir = _magpie_work
local_original_copy = True
local_original_name = __original__
output_encoding = ascii
edit_retries = 10
default_timeout = 30
default_lengthout = 1e6
diff_method = unified

[software]
path = examples/code/minisat
target_files = 
	core/Solver.cc.xml
program = BasicProgram
engine_rules = 
	*.params : ConfigFileParamsEngine
	*.xml : SrcmlEngine
	* : LineEngine
engine_config = 
	*.params : [params]
	*.xml : [srcml]
setup_cmd = ./compile.sh
setup_timeout = 
setup_lengthout = 
compile_cmd = ./compile.sh
compile_timeout = 
compile_lengthout = 
test_cmd = ./test.sh
test_timeout = 
test_lengthout = 
run_cmd = ./run.sh
run_timeout = 
run_lengthout = 
fitness = time

[srcml]
rename = 
	stmt: break continue decl_stmt do expr_stmt for goto if return switch while
focus = block stmt
internodes = block
process_pseudo_blocks = True
process_literals = False
process_operators = False

[params]
timing = test run
cli_prefix = --
cli_glue = =
cli_boolean = show
cli_boolean_prefix_true = 
cli_boolean_prefix_false = no-
silent_prefix = @
silent_suffix = $

[search]
protocol = BasicProtocol
algorithm = FirstImprovement
possible_edits = 
	StmtReplacement
	StmtInsertion
	StmtDeletion
warmup = 3
warmup_strategy = last
max_steps = 1000
max_time = 
target_fitness = 
cache_maxsize = 40
cache_keep = 0.2

[search.ls]
delete_prob = 0.5
max_neighbours = 
when_trapped = continue
accept_fail = False
tabu_length = 10

[search.gp]
pop_size = 10
delete_prob = 0.5
offspring_elitism = 0.1
offspring_crossover = 0.5
offspring_mutation = 0.4
uniform_rate = 0.5


2023-05-29 12:45:14,306	[INFO]	==== WARMUP ====
2023-05-29 12:45:14,359	[INFO]	WARM    SETUP_CODE_ERROR      None                    
2023-05-29 12:45:14,360	[INFO]	!*!*!*!*!*!*!*!*!*!*!*!*!*!*!*!*!*!*!*!*!*!*!*!*!*!*!*!*!*!*!*!*!*!*!*!*!*!*!*!*
2023-05-29 12:45:14,360	[INFO]	CWD: /home/diff/Desktop/MAGPIE-repository/_magpie_work/minisat_1685378714/minisat
2023-05-29 12:45:14,360	[INFO]	CMD: ['./compile.sh']
2023-05-29 12:45:14,360	[INFO]	STATUS: SUCCESS
2023-05-29 12:45:14,360	[INFO]	RETURN_CODE: 2
2023-05-29 12:45:14,360	[INFO]	RUNTIME: 0.04908037185668945
2023-05-29 12:45:14,360	[INFO]	STDOUT:
make: Entering directory '/home/diff/Desktop/MAGPIE-repository/_magpie_work/minisat_1685378714/minisat/simp'
Making dependencies
Compiling: /home/diff/Desktop/MAGPIE-repository/_magpie_work/minisat_1685378714/minisat/simp/Main.o
make: Leaving directory '/home/diff/Desktop/MAGPIE-repository/_magpie_work/minisat_1685378714/minisat/simp'

2023-05-29 12:45:14,360	[INFO]	STDERR:
/home/diff/Desktop/MAGPIE-repository/_magpie_work/minisat_1685378714/minisat/simp/Main.cc:24:10: fatal error: zlib.h: No such file or directory
   24 | #include <zlib.h>
      |          ^~~~~~~~
compilation terminated.
make: *** [../mtl/template.mk:72: /home/diff/Desktop/MAGPIE-repository/_magpie_work/minisat_1685378714/minisat/simp/Main.o] Error 1

2023-05-29 12:45:14,360	[INFO]	!*!*!*!*!*!*!*!*!*!*!*!*!*!*!*!*!*!*!*!*!*!*!*!*!*!*!*!*!*!*!*!*!*!*!*!*!*!*!*!*
2023-05-29 12:45:14,360	[INFO]	Magpie stopped because it was unable to run the (unmodified) target software
2023-05-29 12:45:14,360	[INFO]	Self-diagnostic:
2023-05-29 12:45:14,360	[INFO]	The "setup_cmd" command failed with a nonzero exit code
2023-05-29 12:45:14,360	[INFO]	--> try to run it manually
2023-05-29 12:45:14,360	[INFO]	!*!*!*!*!*!*!*!*!*!*!*!*!*!*!*!*!*!*!*!*!*!*!*!*!*!*!*!*!*!*!*!*!*!*!*!*!*!*!*!*
2023-05-29 12:45:14,360	[INFO]	==== END ====
2023-05-29 12:45:14,360	[INFO]	Reason: None
