2023-05-29 11:37:53,753	[DEBUG]	==== CONFIG ====
[magpie]
import = 
seed = 
log_dir = _magpie_logs
work_dir = _magpie_work
local_original_copy = False
local_original_name = __original__
output_encoding = ascii
edit_retries = 10
default_timeout = 30
default_lengthout = 10000.0
diff_method = unified

[software]
path = examples/code/triangle-py_slow
target_files = 
	triangle.py
program = BasicProgram
engine_rules = 
	*.params : ConfigFileParamsEngine
	*.xml : SrcmlEngine
	* : LineEngine
engine_config = 
	*.params : [params]
	*.xml : [srcml]
setup_cmd = 
setup_timeout = 
setup_lengthout = 
compile_cmd = 
compile_timeout = 
compile_lengthout = 
test_cmd = pytest
test_timeout = 
test_lengthout = 
run_cmd = python run_triangle.py
run_timeout = 1
run_lengthout = 
fitness = time

[srcml]
rename = 
	stmt: break continue decl_stmt do expr_stmt for goto if return switch while
	number: literal_number
focus = block stmt operator_comp operator_arith number
internodes = block
process_pseudo_blocks = True
process_literals = True
process_operators = True

[params]
timing = test run
cli_prefix = --
cli_glue = =
cli_boolean = show
cli_boolean_prefix_true = 
cli_boolean_prefix_false = no-
silent_prefix = @
silent_suffix = $

[search]
protocol = BasicProtocol
algorithm = FirstImprovement
possible_edits = 
	LineReplacement
	LineInsertion
	LineDeletion
warmup = 3
warmup_strategy = last
max_steps = 100
max_time = 60
target_fitness = 
cache_maxsize = 40
cache_keep = 0.2

[search.ls]
delete_prob = 0.5
max_neighbours = 
when_trapped = continue
accept_fail = False
tabu_length = 10

[search.gp]
pop_size = 10
delete_prob = 0.5
offspring_elitism = 0.1
offspring_crossover = 0.5
offspring_mutation = 0.4
uniform_rate = 0.5


2023-05-29 11:37:53,754	[INFO]	==== WARMUP ====
2023-05-29 11:37:53,992	[INFO]	WARM    SUCCESS               0.093                   
2023-05-29 11:37:54,234	[INFO]	WARM    SUCCESS               0.0922                  
2023-05-29 11:37:54,476	[INFO]	WARM    SUCCESS               0.0909                  
2023-05-29 11:37:54,476	[INFO]	INITIAL SUCCESS               0.0909                  
2023-05-29 11:37:54,476	[INFO]	==== START: FirstImprovement ====
2023-05-29 11:37:54,606	[DEBUG]	LineDeletion(('triangle.py', 'line', 0))
2023-05-29 11:37:54,606	[INFO]	1       TEST_CODE_ERROR       None  [1 edit(s)]       
2023-05-29 11:37:54,737	[DEBUG]	LineReplacement(('triangle.py', 'line', 6), ('triangle.py', 'line', 14))
2023-05-29 11:37:54,738	[INFO]	2       TEST_CODE_ERROR       None  [1 edit(s)]       
2023-05-29 11:37:54,968	[DEBUG]	LineInsertion(('triangle.py', '_inter_line', 2), ('triangle.py', 'line', 2))
2023-05-29 11:37:54,968	[INFO]	3       SUCCESS               0.091 (100.11%) [1 edit(s)] 
2023-05-29 11:37:55,117	[DEBUG]	LineReplacement(('triangle.py', 'line', 35), ('triangle.py', 'line', 33))
2023-05-29 11:37:55,117	[INFO]	4       TEST_CODE_ERROR       None  [1 edit(s)]       
2023-05-29 11:37:55,259	[DEBUG]	LineReplacement(('triangle.py', 'line', 35), ('triangle.py', 'line', 28))
2023-05-29 11:37:55,259	[INFO]	5       TEST_CODE_ERROR       None  [1 edit(s)]       
2023-05-29 11:37:55,391	[DEBUG]	LineDeletion(('triangle.py', 'line', 29))
2023-05-29 11:37:55,391	[INFO]	6       TEST_CODE_ERROR       None  [1 edit(s)]       
2023-05-29 11:37:55,622	[DEBUG]	LineDeletion(('triangle.py', 'line', 6))
2023-05-29 11:37:55,622	[INFO]	7       SUCCESS               0.0934 (102.75%) [1 edit(s)] 
2023-05-29 11:37:55,856	[DEBUG]	LineInsertion(('triangle.py', '_inter_line', 26), ('triangle.py', 'line', 2))
2023-05-29 11:37:55,856	[INFO]	8       SUCCESS              *0.0908 (99.89%) [1 edit(s)] 
2023-05-29 11:37:55,857	[DEBUG]	--- before: triangle.py
+++ after: triangle.py
@@ -25,6 +25,7 @@
         a = c
         c = tmp
 
+
     if b > c:
         tmp = b
         b = c

2023-05-29 11:37:56,019	[DEBUG]	LineInsertion(('triangle.py', '_inter_line', 26), ('triangle.py', 'line', 2)) | LineInsertion(('triangle.py', '_inter_line', 4), ('triangle.py', 'line', 27))
2023-05-29 11:37:56,019	[INFO]	9       TEST_CODE_ERROR       None  [2 edit(s)]       
2023-05-29 11:37:56,179	[DEBUG]	LineInsertion(('triangle.py', '_inter_line', 26), ('triangle.py', 'line', 2)) | LineInsertion(('triangle.py', '_inter_line', 10), ('triangle.py', 'line', 17))
2023-05-29 11:37:56,179	[INFO]	10      TEST_CODE_ERROR       None  [2 edit(s)]       
2023-05-29 11:37:56,180	[DEBUG]	
2023-05-29 11:37:56,180	[INFO]	11      SUCCESS               0.0909 (100.0%) [0 edit(s)] 
2023-05-29 11:37:56,338	[DEBUG]	LineInsertion(('triangle.py', '_inter_line', 26), ('triangle.py', 'line', 2)) | LineReplacement(('triangle.py', 'line', 32), ('triangle.py', 'line', 9))
2023-05-29 11:37:56,338	[INFO]	12      TEST_CODE_ERROR       None  [2 edit(s)]       
2023-05-29 11:37:56,469	[DEBUG]	LineInsertion(('triangle.py', '_inter_line', 26), ('triangle.py', 'line', 2)) | LineDeletion(('triangle.py', 'line', 1))
2023-05-29 11:37:56,469	[INFO]	13      TEST_CODE_ERROR       None  [2 edit(s)]       
2023-05-29 11:37:56,628	[DEBUG]	LineInsertion(('triangle.py', '_inter_line', 26), ('triangle.py', 'line', 2)) | LineReplacement(('triangle.py', 'line', 0), ('triangle.py', 'line', 37))
2023-05-29 11:37:56,628	[INFO]	14      TEST_CODE_ERROR       None  [2 edit(s)]       
2023-05-29 11:37:56,767	[DEBUG]	LineInsertion(('triangle.py', '_inter_line', 26), ('triangle.py', 'line', 2)) | LineReplacement(('triangle.py', 'line', 38), ('triangle.py', 'line', 39))
2023-05-29 11:37:56,768	[INFO]	15      TEST_CODE_ERROR       None  [2 edit(s)]       
2023-05-29 11:37:56,926	[DEBUG]	LineInsertion(('triangle.py', '_inter_line', 26), ('triangle.py', 'line', 2)) | LineReplacement(('triangle.py', 'line', 0), ('triangle.py', 'line', 39))
2023-05-29 11:37:56,926	[INFO]	16      TEST_CODE_ERROR       None  [2 edit(s)]       
2023-05-29 11:37:57,084	[DEBUG]	LineInsertion(('triangle.py', '_inter_line', 26), ('triangle.py', 'line', 2)) | LineDeletion(('triangle.py', 'line', 35))
2023-05-29 11:37:57,084	[INFO]	17      TEST_CODE_ERROR       None  [2 edit(s)]       
2023-05-29 11:37:57,312	[DEBUG]	LineInsertion(('triangle.py', '_inter_line', 26), ('triangle.py', 'line', 2)) | LineDeletion(('triangle.py', 'line', 31))
2023-05-29 11:37:57,313	[INFO]	18      SUCCESS               0.091 (100.11%) [2 edit(s)] 
2023-05-29 11:37:57,443	[DEBUG]	LineInsertion(('triangle.py', '_inter_line', 26), ('triangle.py', 'line', 2)) | LineDeletion(('triangle.py', 'line', 8))
2023-05-29 11:37:57,443	[INFO]	19      TEST_CODE_ERROR       None  [2 edit(s)]       
2023-05-29 11:37:57,671	[DEBUG]	LineInsertion(('triangle.py', '_inter_line', 26), ('triangle.py', 'line', 2)) | LineInsertion(('triangle.py', '_inter_line', 37), ('triangle.py', 'line', 18))
2023-05-29 11:37:57,671	[INFO]	20      SUCCESS              *0.09 (99.01%) [2 edit(s)] 
2023-05-29 11:37:57,671	[DEBUG]	--- before: triangle.py
+++ after: triangle.py
@@ -25,6 +25,7 @@
         a = c
         c = tmp
 
+
     if b > c:
         tmp = b
         b = c
@@ -35,6 +36,7 @@
     elif a == b and b == c:
         return TriangleType.EQUILATERAL
     elif a == b or b == c:
+        tmp = a
         return TriangleType.ISOSCELES
     else:
         return TriangleType.SCALENE

2023-05-29 11:37:57,905	[DEBUG]	LineInsertion(('triangle.py', '_inter_line', 26), ('triangle.py', 'line', 2)) | LineInsertion(('triangle.py', '_inter_line', 37), ('triangle.py', 'line', 18)) | LineInsertion(('triangle.py', '_inter_line', 29), ('triangle.py', 'line', 20))
2023-05-29 11:37:57,906	[INFO]	21      SUCCESS               0.0907 (99.78%) [3 edit(s)] 
2023-05-29 11:37:57,906	[DEBUG]	LineInsertion(('triangle.py', '_inter_line', 26), ('triangle.py', 'line', 2)) | LineInsertion(('triangle.py', '_inter_line', 37), ('triangle.py', 'line', 18)) | LineReplacement(('triangle.py', 'line', 26), ('triangle.py', 'line', 2))
2023-05-29 11:37:57,906	[INFO]	22      SUCCESS              +0.09 (99.01%) [3 edit(s)] 
2023-05-29 11:37:57,906	[DEBUG]	--- before: triangle.py
+++ after: triangle.py
@@ -25,6 +25,7 @@
         a = c
         c = tmp
 
+
     if b > c:
         tmp = b
         b = c
@@ -35,6 +36,7 @@
     elif a == b and b == c:
         return TriangleType.EQUILATERAL
     elif a == b or b == c:
+        tmp = a
         return TriangleType.ISOSCELES
     else:
         return TriangleType.SCALENE

2023-05-29 11:37:58,071	[DEBUG]	LineInsertion(('triangle.py', '_inter_line', 26), ('triangle.py', 'line', 2)) | LineInsertion(('triangle.py', '_inter_line', 37), ('triangle.py', 'line', 18)) | LineReplacement(('triangle.py', 'line', 26), ('triangle.py', 'line', 2)) | LineInsertion(('triangle.py', '_inter_line', 10), ('triangle.py', 'line', 35))
2023-05-29 11:37:58,071	[INFO]	23      TEST_CODE_ERROR       None  [4 edit(s)]       
2023-05-29 11:37:58,072	[DEBUG]	LineInsertion(('triangle.py', '_inter_line', 26), ('triangle.py', 'line', 2)) | LineInsertion(('triangle.py', '_inter_line', 37), ('triangle.py', 'line', 18))
2023-05-29 11:37:58,072	[INFO]	24      SUCCESS              +0.09 (99.01%) [2 edit(s)] 
2023-05-29 11:37:58,072	[DEBUG]	--- before: triangle.py
+++ after: triangle.py
@@ -25,6 +25,7 @@
         a = c
         c = tmp
 
+
     if b > c:
         tmp = b
         b = c
@@ -35,6 +36,7 @@
     elif a == b and b == c:
         return TriangleType.EQUILATERAL
     elif a == b or b == c:
+        tmp = a
         return TriangleType.ISOSCELES
     else:
         return TriangleType.SCALENE

2023-05-29 11:37:58,302	[DEBUG]	LineInsertion(('triangle.py', '_inter_line', 37), ('triangle.py', 'line', 18))
2023-05-29 11:37:58,302	[INFO]	25      SUCCESS               0.0922 (101.43%) [1 edit(s)] 
2023-05-29 11:37:58,303	[DEBUG]	LineInsertion(('triangle.py', '_inter_line', 26), ('triangle.py', 'line', 2))
2023-05-29 11:37:58,303	[INFO]	26      SUCCESS               0.0908 (99.89%) [1 edit(s)] 
2023-05-29 11:37:58,468	[DEBUG]	LineInsertion(('triangle.py', '_inter_line', 26), ('triangle.py', 'line', 2)) | LineInsertion(('triangle.py', '_inter_line', 37), ('triangle.py', 'line', 18)) | LineInsertion(('triangle.py', '_inter_line', 2), ('triangle.py', 'line', 8))
2023-05-29 11:37:58,468	[INFO]	27      TEST_CODE_ERROR       None  [3 edit(s)]       
2023-05-29 11:37:58,605	[DEBUG]	LineInsertion(('triangle.py', '_inter_line', 26), ('triangle.py', 'line', 2)) | LineInsertion(('triangle.py', '_inter_line', 37), ('triangle.py', 'line', 18)) | LineReplacement(('triangle.py', 'line', 19), ('triangle.py', 'line', 2))
2023-05-29 11:37:58,605	[INFO]	28      TEST_CODE_ERROR       None  [3 edit(s)]       
2023-05-29 11:37:58,737	[DEBUG]	LineInsertion(('triangle.py', '_inter_line', 26), ('triangle.py', 'line', 2)) | LineInsertion(('triangle.py', '_inter_line', 37), ('triangle.py', 'line', 18)) | LineReplacement(('triangle.py', 'line', 28), ('triangle.py', 'line', 11))
2023-05-29 11:37:58,737	[INFO]	29      TEST_CODE_ERROR       None  [3 edit(s)]       
2023-05-29 11:37:58,896	[DEBUG]	LineInsertion(('triangle.py', '_inter_line', 26), ('triangle.py', 'line', 2)) | LineInsertion(('triangle.py', '_inter_line', 37), ('triangle.py', 'line', 18)) | LineReplacement(('triangle.py', 'line', 17), ('triangle.py', 'line', 15))
2023-05-29 11:37:58,896	[INFO]	30      TEST_CODE_ERROR       None  [3 edit(s)]       
2023-05-29 11:37:59,127	[DEBUG]	LineInsertion(('triangle.py', '_inter_line', 26), ('triangle.py', 'line', 2)) | LineInsertion(('triangle.py', '_inter_line', 37), ('triangle.py', 'line', 18)) | LineInsertion(('triangle.py', '_inter_line', 27), ('triangle.py', 'line', 2))
2023-05-29 11:37:59,128	[INFO]	31      SUCCESS               0.0919 (101.1%) [3 edit(s)] 
2023-05-29 11:37:59,279	[DEBUG]	LineInsertion(('triangle.py', '_inter_line', 26), ('triangle.py', 'line', 2)) | LineInsertion(('triangle.py', '_inter_line', 37), ('triangle.py', 'line', 18)) | LineReplacement(('triangle.py', 'line', 34), ('triangle.py', 'line', 37))
2023-05-29 11:37:59,279	[INFO]	32      TEST_CODE_ERROR       None  [3 edit(s)]       
2023-05-29 11:37:59,439	[DEBUG]	LineInsertion(('triangle.py', '_inter_line', 26), ('triangle.py', 'line', 2)) | LineInsertion(('triangle.py', '_inter_line', 37), ('triangle.py', 'line', 18)) | LineInsertion(('triangle.py', '_inter_line', 24), ('triangle.py', 'line', 14))
2023-05-29 11:37:59,439	[INFO]	33      TEST_CODE_ERROR       None  [3 edit(s)]       
2023-05-29 11:37:59,687	[DEBUG]	LineInsertion(('triangle.py', '_inter_line', 26), ('triangle.py', 'line', 2)) | LineInsertion(('triangle.py', '_inter_line', 37), ('triangle.py', 'line', 18)) | LineDeletion(('triangle.py', 'line', 6))
2023-05-29 11:37:59,688	[INFO]	34      SUCCESS               0.0906 (99.67%) [3 edit(s)] 
2023-05-29 11:37:59,892	[DEBUG]	LineInsertion(('triangle.py', '_inter_line', 26), ('triangle.py', 'line', 2)) | LineInsertion(('triangle.py', '_inter_line', 37), ('triangle.py', 'line', 18)) | LineInsertion(('triangle.py', '_inter_line', 11), ('triangle.py', 'line', 18))
2023-05-29 11:37:59,892	[INFO]	35      TEST_CODE_ERROR       None  [3 edit(s)]       
2023-05-29 11:38:00,061	[DEBUG]	LineInsertion(('triangle.py', '_inter_line', 26), ('triangle.py', 'line', 2)) | LineInsertion(('triangle.py', '_inter_line', 37), ('triangle.py', 'line', 18)) | LineInsertion(('triangle.py', '_inter_line', 15), ('triangle.py', 'line', 34))
2023-05-29 11:38:00,061	[INFO]	36      TEST_CODE_ERROR       None  [3 edit(s)]       
2023-05-29 11:38:00,301	[DEBUG]	LineInsertion(('triangle.py', '_inter_line', 26), ('triangle.py', 'line', 2)) | LineInsertion(('triangle.py', '_inter_line', 37), ('triangle.py', 'line', 18)) | LineInsertion(('triangle.py', '_inter_line', 1), ('triangle.py', 'line', 26))
2023-05-29 11:38:00,301	[INFO]	37      SUCCESS               0.092 (101.21%) [3 edit(s)] 
2023-05-29 11:38:00,302	[DEBUG]	LineInsertion(('triangle.py', '_inter_line', 26), ('triangle.py', 'line', 2)) | LineInsertion(('triangle.py', '_inter_line', 37), ('triangle.py', 'line', 18)) | LineDeletion(('triangle.py', 'line', 7))
2023-05-29 11:38:00,302	[INFO]	38      SUCCESS               0.0906 (99.67%) [3 edit(s)] 
2023-05-29 11:38:00,450	[DEBUG]	LineInsertion(('triangle.py', '_inter_line', 26), ('triangle.py', 'line', 2)) | LineInsertion(('triangle.py', '_inter_line', 37), ('triangle.py', 'line', 18)) | LineDeletion(('triangle.py', 'line', 22))
2023-05-29 11:38:00,450	[INFO]	39      TEST_CODE_ERROR       None  [3 edit(s)]       
2023-05-29 11:38:00,632	[DEBUG]	LineInsertion(('triangle.py', '_inter_line', 26), ('triangle.py', 'line', 2)) | LineInsertion(('triangle.py', '_inter_line', 37), ('triangle.py', 'line', 18)) | LineReplacement(('triangle.py', 'line', 39), ('triangle.py', 'line', 0))
2023-05-29 11:38:00,632	[INFO]	40      TEST_CODE_ERROR       None  [3 edit(s)]       
2023-05-29 11:38:00,798	[DEBUG]	LineInsertion(('triangle.py', '_inter_line', 26), ('triangle.py', 'line', 2)) | LineInsertion(('triangle.py', '_inter_line', 37), ('triangle.py', 'line', 18)) | LineInsertion(('triangle.py', '_inter_line', 9), ('triangle.py', 'line', 19))
2023-05-29 11:38:00,798	[INFO]	41      TEST_CODE_ERROR       None  [3 edit(s)]       
2023-05-29 11:38:00,967	[DEBUG]	LineInsertion(('triangle.py', '_inter_line', 26), ('triangle.py', 'line', 2)) | LineInsertion(('triangle.py', '_inter_line', 37), ('triangle.py', 'line', 18)) | LineReplacement(('triangle.py', 'line', 17), ('triangle.py', 'line', 30))
2023-05-29 11:38:00,967	[INFO]	42      TEST_CODE_ERROR       None  [3 edit(s)]       
2023-05-29 11:38:01,134	[DEBUG]	LineInsertion(('triangle.py', '_inter_line', 26), ('triangle.py', 'line', 2)) | LineInsertion(('triangle.py', '_inter_line', 37), ('triangle.py', 'line', 18)) | LineInsertion(('triangle.py', '_inter_line', 14), ('triangle.py', 'line', 27))
2023-05-29 11:38:01,134	[INFO]	43      TEST_CODE_ERROR       None  [3 edit(s)]       
2023-05-29 11:38:01,301	[DEBUG]	LineInsertion(('triangle.py', '_inter_line', 26), ('triangle.py', 'line', 2)) | LineInsertion(('triangle.py', '_inter_line', 37), ('triangle.py', 'line', 18)) | LineReplacement(('triangle.py', 'line', 35), ('triangle.py', 'line', 5))
2023-05-29 11:38:01,301	[INFO]	44      TEST_CODE_ERROR       None  [3 edit(s)]       
2023-05-29 11:38:01,469	[DEBUG]	LineInsertion(('triangle.py', '_inter_line', 26), ('triangle.py', 'line', 2)) | LineInsertion(('triangle.py', '_inter_line', 37), ('triangle.py', 'line', 18)) | LineReplacement(('triangle.py', 'line', 11), ('triangle.py', 'line', 37))
2023-05-29 11:38:01,469	[INFO]	45      TEST_CODE_ERROR       None  [3 edit(s)]       
2023-05-29 11:38:01,642	[DEBUG]	LineInsertion(('triangle.py', '_inter_line', 26), ('triangle.py', 'line', 2)) | LineInsertion(('triangle.py', '_inter_line', 37), ('triangle.py', 'line', 18)) | LineReplacement(('triangle.py', 'line', 38), ('triangle.py', 'line', 1))
2023-05-29 11:38:01,642	[INFO]	46      TEST_CODE_ERROR       None  [3 edit(s)]       
2023-05-29 11:38:01,878	[DEBUG]	LineInsertion(('triangle.py', '_inter_line', 26), ('triangle.py', 'line', 2)) | LineInsertion(('triangle.py', '_inter_line', 37), ('triangle.py', 'line', 18)) | LineInsertion(('triangle.py', '_inter_line', 39), ('triangle.py', 'line', 24))
2023-05-29 11:38:01,878	[INFO]	47      SUCCESS               0.0927 (101.98%) [3 edit(s)] 
2023-05-29 11:38:02,050	[DEBUG]	LineInsertion(('triangle.py', '_inter_line', 26), ('triangle.py', 'line', 2)) | LineInsertion(('triangle.py', '_inter_line', 37), ('triangle.py', 'line', 18)) | LineInsertion(('triangle.py', '_inter_line', 8), ('triangle.py', 'line', 8))
2023-05-29 11:38:02,050	[INFO]	48      TEST_CODE_ERROR       None  [3 edit(s)]       
2023-05-29 11:38:02,290	[DEBUG]	LineInsertion(('triangle.py', '_inter_line', 26), ('triangle.py', 'line', 2)) | LineInsertion(('triangle.py', '_inter_line', 37), ('triangle.py', 'line', 18)) | LineDeletion(('triangle.py', 'line', 10))
2023-05-29 11:38:02,290	[INFO]	49      SUCCESS               0.091 (100.11%) [3 edit(s)] 
2023-05-29 11:38:02,465	[DEBUG]	LineInsertion(('triangle.py', '_inter_line', 26), ('triangle.py', 'line', 2)) | LineInsertion(('triangle.py', '_inter_line', 37), ('triangle.py', 'line', 18)) | LineReplacement(('triangle.py', 'line', 20), ('triangle.py', 'line', 32))
2023-05-29 11:38:02,465	[INFO]	50      TEST_CODE_ERROR       None  [3 edit(s)]       
2023-05-29 11:38:02,605	[DEBUG]	LineInsertion(('triangle.py', '_inter_line', 26), ('triangle.py', 'line', 2)) | LineInsertion(('triangle.py', '_inter_line', 37), ('triangle.py', 'line', 18)) | LineReplacement(('triangle.py', 'line', 27), ('triangle.py', 'line', 31))
2023-05-29 11:38:02,605	[INFO]	51      TEST_CODE_ERROR       None  [3 edit(s)]       
2023-05-29 11:38:02,772	[DEBUG]	LineInsertion(('triangle.py', '_inter_line', 26), ('triangle.py', 'line', 2)) | LineInsertion(('triangle.py', '_inter_line', 37), ('triangle.py', 'line', 18)) | LineInsertion(('triangle.py', '_inter_line', 11), ('triangle.py', 'line', 25))
2023-05-29 11:38:02,772	[INFO]	52      TEST_CODE_ERROR       None  [3 edit(s)]       
2023-05-29 11:38:03,004	[DEBUG]	LineInsertion(('triangle.py', '_inter_line', 26), ('triangle.py', 'line', 2)) | LineInsertion(('triangle.py', '_inter_line', 37), ('triangle.py', 'line', 18)) | LineInsertion(('triangle.py', '_inter_line', 16), ('triangle.py', 'line', 13))
2023-05-29 11:38:03,005	[INFO]	53      SUCCESS              *0.0899 (98.9%) [3 edit(s)] 
2023-05-29 11:38:03,005	[DEBUG]	--- before: triangle.py
+++ after: triangle.py
@@ -14,6 +14,7 @@
 
     delay()
 
+
     # Sort the sides so that a <= b <= c
     if a > b:
         tmp = a
@@ -25,6 +26,7 @@
         a = c
         c = tmp
 
+
     if b > c:
         tmp = b
         b = c
@@ -35,6 +37,7 @@
     elif a == b and b == c:
         return TriangleType.EQUILATERAL
     elif a == b or b == c:
+        tmp = a
         return TriangleType.ISOSCELES
     else:
         return TriangleType.SCALENE

2023-05-29 11:38:03,141	[DEBUG]	LineInsertion(('triangle.py', '_inter_line', 26), ('triangle.py', 'line', 2)) | LineInsertion(('triangle.py', '_inter_line', 37), ('triangle.py', 'line', 18)) | LineInsertion(('triangle.py', '_inter_line', 16), ('triangle.py', 'line', 13)) | LineDeletion(('triangle.py', 'line', 32))
2023-05-29 11:38:03,141	[INFO]	54      TEST_CODE_ERROR       None  [4 edit(s)]       
2023-05-29 11:38:03,142	[DEBUG]	LineInsertion(('triangle.py', '_inter_line', 26), ('triangle.py', 'line', 2)) | LineInsertion(('triangle.py', '_inter_line', 37), ('triangle.py', 'line', 18))
2023-05-29 11:38:03,142	[INFO]	55      SUCCESS               0.09 (99.01%) [2 edit(s)] 
2023-05-29 11:38:03,374	[DEBUG]	LineInsertion(('triangle.py', '_inter_line', 37), ('triangle.py', 'line', 18)) | LineInsertion(('triangle.py', '_inter_line', 16), ('triangle.py', 'line', 13))
2023-05-29 11:38:03,375	[INFO]	56      SUCCESS               0.0919 (101.1%) [2 edit(s)] 
2023-05-29 11:38:03,545	[DEBUG]	LineInsertion(('triangle.py', '_inter_line', 26), ('triangle.py', 'line', 2)) | LineInsertion(('triangle.py', '_inter_line', 37), ('triangle.py', 'line', 18)) | LineInsertion(('triangle.py', '_inter_line', 16), ('triangle.py', 'line', 13)) | LineInsertion(('triangle.py', '_inter_line', 4), ('triangle.py', 'line', 25))
2023-05-29 11:38:03,545	[INFO]	57      TEST_CODE_ERROR       None  [4 edit(s)]       
2023-05-29 11:38:03,777	[DEBUG]	LineInsertion(('triangle.py', '_inter_line', 26), ('triangle.py', 'line', 2)) | LineInsertion(('triangle.py', '_inter_line', 16), ('triangle.py', 'line', 13))
2023-05-29 11:38:03,777	[INFO]	58      SUCCESS               0.0903 (99.34%) [2 edit(s)] 
2023-05-29 11:38:04,119	[DEBUG]	LineInsertion(('triangle.py', '_inter_line', 26), ('triangle.py', 'line', 2)) | LineInsertion(('triangle.py', '_inter_line', 37), ('triangle.py', 'line', 18)) | LineInsertion(('triangle.py', '_inter_line', 16), ('triangle.py', 'line', 13)) | LineInsertion(('triangle.py', '_inter_line', 10), ('triangle.py', 'line', 9))
2023-05-29 11:38:04,119	[INFO]	59      SUCCESS               0.1668 (183.5%) [4 edit(s)] 
2023-05-29 11:38:04,254	[DEBUG]	LineInsertion(('triangle.py', '_inter_line', 26), ('triangle.py', 'line', 2)) | LineInsertion(('triangle.py', '_inter_line', 37), ('triangle.py', 'line', 18)) | LineInsertion(('triangle.py', '_inter_line', 16), ('triangle.py', 'line', 13)) | LineDeletion(('triangle.py', 'line', 27))
2023-05-29 11:38:04,254	[INFO]	60      TEST_CODE_ERROR       None  [4 edit(s)]       
2023-05-29 11:38:04,397	[DEBUG]	LineInsertion(('triangle.py', '_inter_line', 26), ('triangle.py', 'line', 2)) | LineInsertion(('triangle.py', '_inter_line', 37), ('triangle.py', 'line', 18)) | LineInsertion(('triangle.py', '_inter_line', 16), ('triangle.py', 'line', 13)) | LineDeletion(('triangle.py', 'line', 22))
2023-05-29 11:38:04,397	[INFO]	61      TEST_CODE_ERROR       None  [4 edit(s)]       
2023-05-29 11:38:04,541	[DEBUG]	LineInsertion(('triangle.py', '_inter_line', 26), ('triangle.py', 'line', 2)) | LineInsertion(('triangle.py', '_inter_line', 37), ('triangle.py', 'line', 18)) | LineInsertion(('triangle.py', '_inter_line', 16), ('triangle.py', 'line', 13)) | LineDeletion(('triangle.py', 'line', 24))
2023-05-29 11:38:04,541	[INFO]	62      TEST_CODE_ERROR       None  [4 edit(s)]       
2023-05-29 11:38:04,680	[DEBUG]	LineInsertion(('triangle.py', '_inter_line', 26), ('triangle.py', 'line', 2)) | LineInsertion(('triangle.py', '_inter_line', 37), ('triangle.py', 'line', 18)) | LineInsertion(('triangle.py', '_inter_line', 16), ('triangle.py', 'line', 13)) | LineInsertion(('triangle.py', '_inter_line', 18), ('triangle.py', 'line', 29))
2023-05-29 11:38:04,680	[INFO]	63      TEST_CODE_ERROR       None  [4 edit(s)]       
2023-05-29 11:38:04,819	[DEBUG]	LineInsertion(('triangle.py', '_inter_line', 26), ('triangle.py', 'line', 2)) | LineInsertion(('triangle.py', '_inter_line', 37), ('triangle.py', 'line', 18)) | LineInsertion(('triangle.py', '_inter_line', 16), ('triangle.py', 'line', 13)) | LineReplacement(('triangle.py', 'line', 22), ('triangle.py', 'line', 39))
2023-05-29 11:38:04,819	[INFO]	64      TEST_CODE_ERROR       None  [4 edit(s)]       
2023-05-29 11:38:05,054	[DEBUG]	LineInsertion(('triangle.py', '_inter_line', 26), ('triangle.py', 'line', 2)) | LineInsertion(('triangle.py', '_inter_line', 37), ('triangle.py', 'line', 18)) | LineInsertion(('triangle.py', '_inter_line', 16), ('triangle.py', 'line', 13)) | LineInsertion(('triangle.py', '_inter_line', 39), ('triangle.py', 'line', 25))
2023-05-29 11:38:05,055	[INFO]	65      SUCCESS               0.09 (99.01%) [4 edit(s)] 
2023-05-29 11:38:05,203	[DEBUG]	LineInsertion(('triangle.py', '_inter_line', 26), ('triangle.py', 'line', 2)) | LineInsertion(('triangle.py', '_inter_line', 37), ('triangle.py', 'line', 18)) | LineInsertion(('triangle.py', '_inter_line', 16), ('triangle.py', 'line', 13)) | LineReplacement(('triangle.py', 'line', 36), ('triangle.py', 'line', 18))
2023-05-29 11:38:05,203	[INFO]	66      TEST_CODE_ERROR       None  [4 edit(s)]       
2023-05-29 11:38:05,333	[DEBUG]	LineInsertion(('triangle.py', '_inter_line', 26), ('triangle.py', 'line', 2)) | LineInsertion(('triangle.py', '_inter_line', 37), ('triangle.py', 'line', 18)) | LineInsertion(('triangle.py', '_inter_line', 16), ('triangle.py', 'line', 13)) | LineReplacement(('triangle.py', 'line', 31), ('triangle.py', 'line', 8))
2023-05-29 11:38:05,333	[INFO]	67      TEST_CODE_ERROR       None  [4 edit(s)]       
2023-05-29 11:38:05,499	[DEBUG]	LineInsertion(('triangle.py', '_inter_line', 26), ('triangle.py', 'line', 2)) | LineInsertion(('triangle.py', '_inter_line', 37), ('triangle.py', 'line', 18)) | LineInsertion(('triangle.py', '_inter_line', 16), ('triangle.py', 'line', 13)) | LineInsertion(('triangle.py', '_inter_line', 7), ('triangle.py', 'line', 12))
2023-05-29 11:38:05,499	[INFO]	68      TEST_CODE_ERROR       None  [4 edit(s)]       
2023-05-29 11:38:05,635	[DEBUG]	LineInsertion(('triangle.py', '_inter_line', 26), ('triangle.py', 'line', 2)) | LineInsertion(('triangle.py', '_inter_line', 37), ('triangle.py', 'line', 18)) | LineInsertion(('triangle.py', '_inter_line', 16), ('triangle.py', 'line', 13)) | LineReplacement(('triangle.py', 'line', 32), ('triangle.py', 'line', 29))
2023-05-29 11:38:05,635	[INFO]	69      TEST_CODE_ERROR       None  [4 edit(s)]       
2023-05-29 11:38:05,775	[DEBUG]	LineInsertion(('triangle.py', '_inter_line', 26), ('triangle.py', 'line', 2)) | LineInsertion(('triangle.py', '_inter_line', 37), ('triangle.py', 'line', 18)) | LineInsertion(('triangle.py', '_inter_line', 16), ('triangle.py', 'line', 13)) | LineDeletion(('triangle.py', 'line', 23))
2023-05-29 11:38:05,775	[INFO]	70      TEST_CODE_ERROR       None  [4 edit(s)]       
2023-05-29 11:38:05,912	[DEBUG]	LineInsertion(('triangle.py', '_inter_line', 26), ('triangle.py', 'line', 2)) | LineInsertion(('triangle.py', '_inter_line', 37), ('triangle.py', 'line', 18)) | LineInsertion(('triangle.py', '_inter_line', 16), ('triangle.py', 'line', 13)) | LineReplacement(('triangle.py', 'line', 18), ('triangle.py', 'line', 31))
2023-05-29 11:38:05,912	[INFO]	71      TEST_CODE_ERROR       None  [4 edit(s)]       
2023-05-29 11:38:06,078	[DEBUG]	LineInsertion(('triangle.py', '_inter_line', 26), ('triangle.py', 'line', 2)) | LineInsertion(('triangle.py', '_inter_line', 37), ('triangle.py', 'line', 18)) | LineInsertion(('triangle.py', '_inter_line', 16), ('triangle.py', 'line', 13)) | LineDeletion(('triangle.py', 'line', 4))
2023-05-29 11:38:06,078	[INFO]	72      TEST_CODE_ERROR       None  [4 edit(s)]       
2023-05-29 11:38:06,314	[DEBUG]	LineInsertion(('triangle.py', '_inter_line', 26), ('triangle.py', 'line', 2)) | LineInsertion(('triangle.py', '_inter_line', 37), ('triangle.py', 'line', 18)) | LineInsertion(('triangle.py', '_inter_line', 16), ('triangle.py', 'line', 13)) | LineInsertion(('triangle.py', '_inter_line', 22), ('triangle.py', 'line', 16))
2023-05-29 11:38:06,314	[INFO]	73      SUCCESS               0.0922 (101.43%) [4 edit(s)] 
2023-05-29 11:38:06,460	[DEBUG]	LineInsertion(('triangle.py', '_inter_line', 26), ('triangle.py', 'line', 2)) | LineInsertion(('triangle.py', '_inter_line', 37), ('triangle.py', 'line', 18)) | LineInsertion(('triangle.py', '_inter_line', 16), ('triangle.py', 'line', 13)) | LineReplacement(('triangle.py', 'line', 20), ('triangle.py', 'line', 10))
2023-05-29 11:38:06,460	[INFO]	74      TEST_CODE_ERROR       None  [4 edit(s)]       
2023-05-29 11:38:06,695	[DEBUG]	LineInsertion(('triangle.py', '_inter_line', 26), ('triangle.py', 'line', 2)) | LineInsertion(('triangle.py', '_inter_line', 37), ('triangle.py', 'line', 18)) | LineInsertion(('triangle.py', '_inter_line', 16), ('triangle.py', 'line', 13)) | LineInsertion(('triangle.py', '_inter_line', 1), ('triangle.py', 'line', 3))
2023-05-29 11:38:06,696	[INFO]	75      SUCCESS               0.0917 (100.88%) [4 edit(s)] 
2023-05-29 11:38:06,696	[DEBUG]	LineInsertion(('triangle.py', '_inter_line', 26), ('triangle.py', 'line', 2)) | LineInsertion(('triangle.py', '_inter_line', 37), ('triangle.py', 'line', 18)) | LineInsertion(('triangle.py', '_inter_line', 16), ('triangle.py', 'line', 13)) | LineDeletion(('triangle.py', 'line', 24))
2023-05-29 11:38:06,696	[INFO]	76      TEST_CODE_ERROR       None  [4 edit(s)]       
2023-05-29 11:38:06,869	[DEBUG]	LineInsertion(('triangle.py', '_inter_line', 26), ('triangle.py', 'line', 2)) | LineInsertion(('triangle.py', '_inter_line', 37), ('triangle.py', 'line', 18)) | LineInsertion(('triangle.py', '_inter_line', 16), ('triangle.py', 'line', 13)) | LineReplacement(('triangle.py', 'line', 12), ('triangle.py', 'line', 37))
2023-05-29 11:38:06,869	[INFO]	77      TEST_CODE_ERROR       None  [4 edit(s)]       
2023-05-29 11:38:07,103	[DEBUG]	LineInsertion(('triangle.py', '_inter_line', 26), ('triangle.py', 'line', 2)) | LineInsertion(('triangle.py', '_inter_line', 37), ('triangle.py', 'line', 18)) | LineInsertion(('triangle.py', '_inter_line', 16), ('triangle.py', 'line', 13)) | LineInsertion(('triangle.py', '_inter_line', 24), ('triangle.py', 'line', 18))
2023-05-29 11:38:07,103	[INFO]	78      SUCCESS              *0.0894 (98.35%) [4 edit(s)] 
2023-05-29 11:38:07,103	[DEBUG]	--- before: triangle.py
+++ after: triangle.py
@@ -14,6 +14,7 @@
 
     delay()
 
+
     # Sort the sides so that a <= b <= c
     if a > b:
         tmp = a
@@ -22,8 +23,10 @@
 
     if a > c:
         tmp = a
+        tmp = a
         a = c
         c = tmp
+
 
     if b > c:
         tmp = b
@@ -35,6 +38,7 @@
     elif a == b and b == c:
         return TriangleType.EQUILATERAL
     elif a == b or b == c:
+        tmp = a
         return TriangleType.ISOSCELES
     else:
         return TriangleType.SCALENE

2023-05-29 11:38:07,343	[DEBUG]	LineInsertion(('triangle.py', '_inter_line', 37), ('triangle.py', 'line', 18)) | LineInsertion(('triangle.py', '_inter_line', 16), ('triangle.py', 'line', 13)) | LineInsertion(('triangle.py', '_inter_line', 24), ('triangle.py', 'line', 18))
2023-05-29 11:38:07,343	[INFO]	79      SUCCESS               0.0923 (101.54%) [3 edit(s)] 
2023-05-29 11:38:07,583	[DEBUG]	LineInsertion(('triangle.py', '_inter_line', 26), ('triangle.py', 'line', 2)) | LineInsertion(('triangle.py', '_inter_line', 16), ('triangle.py', 'line', 13)) | LineInsertion(('triangle.py', '_inter_line', 24), ('triangle.py', 'line', 18))
2023-05-29 11:38:07,583	[INFO]	80      SUCCESS              *0.0881 (96.92%) [3 edit(s)] 
2023-05-29 11:38:07,584	[DEBUG]	--- before: triangle.py
+++ after: triangle.py
@@ -14,6 +14,7 @@
 
     delay()
 
+
     # Sort the sides so that a <= b <= c
     if a > b:
         tmp = a
@@ -22,8 +23,10 @@
 
     if a > c:
         tmp = a
+        tmp = a
         a = c
         c = tmp
+
 
     if b > c:
         tmp = b

2023-05-29 11:38:07,818	[DEBUG]	LineInsertion(('triangle.py', '_inter_line', 16), ('triangle.py', 'line', 13)) | LineInsertion(('triangle.py', '_inter_line', 24), ('triangle.py', 'line', 18))
2023-05-29 11:38:07,819	[INFO]	81      SUCCESS               0.0913 (100.44%) [2 edit(s)] 
2023-05-29 11:38:08,061	[DEBUG]	LineInsertion(('triangle.py', '_inter_line', 26), ('triangle.py', 'line', 2)) | LineInsertion(('triangle.py', '_inter_line', 16), ('triangle.py', 'line', 13))
2023-05-29 11:38:08,061	[INFO]	82      SUCCESS               0.0907 (99.78%) [2 edit(s)] 
2023-05-29 11:38:08,237	[DEBUG]	LineInsertion(('triangle.py', '_inter_line', 26), ('triangle.py', 'line', 2)) | LineInsertion(('triangle.py', '_inter_line', 16), ('triangle.py', 'line', 13)) | LineInsertion(('triangle.py', '_inter_line', 24), ('triangle.py', 'line', 18)) | LineInsertion(('triangle.py', '_inter_line', 1), ('triangle.py', 'line', 14))
2023-05-29 11:38:08,237	[INFO]	83      TEST_CODE_ERROR       None  [4 edit(s)]       
2023-05-29 11:38:08,474	[DEBUG]	LineInsertion(('triangle.py', '_inter_line', 26), ('triangle.py', 'line', 2)) | LineInsertion(('triangle.py', '_inter_line', 24), ('triangle.py', 'line', 18))
2023-05-29 11:38:08,474	[INFO]	84      SUCCESS               0.0931 (102.42%) [2 edit(s)] 
2023-05-29 11:38:08,626	[DEBUG]	LineInsertion(('triangle.py', '_inter_line', 26), ('triangle.py', 'line', 2)) | LineInsertion(('triangle.py', '_inter_line', 16), ('triangle.py', 'line', 13)) | LineInsertion(('triangle.py', '_inter_line', 24), ('triangle.py', 'line', 18)) | LineInsertion(('triangle.py', '_inter_line', 25), ('triangle.py', 'line', 17))
2023-05-29 11:38:08,626	[INFO]	85      TEST_CODE_ERROR       None  [4 edit(s)]       
2023-05-29 11:38:08,792	[DEBUG]	LineInsertion(('triangle.py', '_inter_line', 26), ('triangle.py', 'line', 2)) | LineInsertion(('triangle.py', '_inter_line', 16), ('triangle.py', 'line', 13)) | LineInsertion(('triangle.py', '_inter_line', 24), ('triangle.py', 'line', 18)) | LineInsertion(('triangle.py', '_inter_line', 18), ('triangle.py', 'line', 4))
2023-05-29 11:38:08,793	[INFO]	86      TEST_CODE_ERROR       None  [4 edit(s)]       
2023-05-29 11:38:09,026	[DEBUG]	LineInsertion(('triangle.py', '_inter_line', 26), ('triangle.py', 'line', 2)) | LineInsertion(('triangle.py', '_inter_line', 16), ('triangle.py', 'line', 13)) | LineInsertion(('triangle.py', '_inter_line', 24), ('triangle.py', 'line', 18)) | LineInsertion(('triangle.py', '_inter_line', 27), ('triangle.py', 'line', 3))
2023-05-29 11:38:09,026	[INFO]	87      SUCCESS               0.0912 (100.33%) [4 edit(s)] 
2023-05-29 11:38:09,161	[DEBUG]	LineInsertion(('triangle.py', '_inter_line', 26), ('triangle.py', 'line', 2)) | LineInsertion(('triangle.py', '_inter_line', 16), ('triangle.py', 'line', 13)) | LineInsertion(('triangle.py', '_inter_line', 24), ('triangle.py', 'line', 18)) | LineDeletion(('triangle.py', 'line', 14))
2023-05-29 11:38:09,162	[INFO]	88      SUCCESS              *0.0103 (11.33%) [4 edit(s)] 
2023-05-29 11:38:09,162	[DEBUG]	--- before: triangle.py
+++ after: triangle.py
@@ -12,7 +12,7 @@
 
 def classify_triangle(a, b, c):
 
-    delay()
+
 
     # Sort the sides so that a <= b <= c
     if a > b:
@@ -22,8 +22,10 @@
 
     if a > c:
         tmp = a
+        tmp = a
         a = c
         c = tmp
+
 
     if b > c:
         tmp = b

2023-05-29 11:38:09,289	[DEBUG]	LineInsertion(('triangle.py', '_inter_line', 26), ('triangle.py', 'line', 2)) | LineInsertion(('triangle.py', '_inter_line', 24), ('triangle.py', 'line', 18)) | LineDeletion(('triangle.py', 'line', 14))
2023-05-29 11:38:09,289	[INFO]	89      SUCCESS               0.0184 (20.24%) [3 edit(s)] 
2023-05-29 11:38:09,407	[DEBUG]	LineInsertion(('triangle.py', '_inter_line', 26), ('triangle.py', 'line', 2)) | LineInsertion(('triangle.py', '_inter_line', 16), ('triangle.py', 'line', 13)) | LineInsertion(('triangle.py', '_inter_line', 24), ('triangle.py', 'line', 18)) | LineDeletion(('triangle.py', 'line', 14)) | LineInsertion(('triangle.py', '_inter_line', 34), ('triangle.py', 'line', 29))
2023-05-29 11:38:09,407	[INFO]	90      SUCCESS              *0.0102 (11.22%) [5 edit(s)] 
2023-05-29 11:38:09,407	[DEBUG]	--- before: triangle.py
+++ after: triangle.py
@@ -12,7 +12,7 @@
 
 def classify_triangle(a, b, c):
 
-    delay()
+
 
     # Sort the sides so that a <= b <= c
     if a > b:
@@ -22,8 +22,10 @@
 
     if a > c:
         tmp = a
+        tmp = a
         a = c
         c = tmp
+
 
     if b > c:
         tmp = b
@@ -32,6 +34,7 @@
 
     if a + b <= c:
         return TriangleType.INVALID
+        b = c
     elif a == b and b == c:
         return TriangleType.EQUILATERAL
     elif a == b or b == c:

2023-05-29 11:38:09,533	[DEBUG]	LineInsertion(('triangle.py', '_inter_line', 26), ('triangle.py', 'line', 2)) | LineInsertion(('triangle.py', '_inter_line', 16), ('triangle.py', 'line', 13)) | LineInsertion(('triangle.py', '_inter_line', 24), ('triangle.py', 'line', 18)) | LineDeletion(('triangle.py', 'line', 14)) | LineInsertion(('triangle.py', '_inter_line', 34), ('triangle.py', 'line', 29)) | LineDeletion(('triangle.py', 'line', 26))
2023-05-29 11:38:09,534	[INFO]	91      SUCCESS               0.0106 (11.66%) [6 edit(s)] 
2023-05-29 11:38:09,657	[DEBUG]	LineInsertion(('triangle.py', '_inter_line', 26), ('triangle.py', 'line', 2)) | LineInsertion(('triangle.py', '_inter_line', 16), ('triangle.py', 'line', 13)) | LineInsertion(('triangle.py', '_inter_line', 24), ('triangle.py', 'line', 18)) | LineDeletion(('triangle.py', 'line', 14)) | LineInsertion(('triangle.py', '_inter_line', 34), ('triangle.py', 'line', 29)) | LineInsertion(('triangle.py', '_inter_line', 37), ('triangle.py', 'line', 25))
2023-05-29 11:38:09,657	[INFO]	92      TEST_CODE_ERROR       None  [6 edit(s)]       
2023-05-29 11:38:09,822	[DEBUG]	LineInsertion(('triangle.py', '_inter_line', 26), ('triangle.py', 'line', 2)) | LineInsertion(('triangle.py', '_inter_line', 16), ('triangle.py', 'line', 13)) | LineInsertion(('triangle.py', '_inter_line', 24), ('triangle.py', 'line', 18)) | LineDeletion(('triangle.py', 'line', 14)) | LineInsertion(('triangle.py', '_inter_line', 34), ('triangle.py', 'line', 29)) | LineInsertion(('triangle.py', '_inter_line', 30), ('triangle.py', 'line', 8))
2023-05-29 11:38:09,822	[INFO]	93      TEST_CODE_ERROR       None  [6 edit(s)]       
2023-05-29 11:38:09,823	[DEBUG]	LineInsertion(('triangle.py', '_inter_line', 16), ('triangle.py', 'line', 13)) | LineInsertion(('triangle.py', '_inter_line', 24), ('triangle.py', 'line', 18)) | LineDeletion(('triangle.py', 'line', 14)) | LineInsertion(('triangle.py', '_inter_line', 34), ('triangle.py', 'line', 29))
2023-05-29 11:38:09,823	[INFO]	94      SUCCESS               0.0106 (11.66%) [4 edit(s)] 
2023-05-29 11:38:09,953	[DEBUG]	LineInsertion(('triangle.py', '_inter_line', 26), ('triangle.py', 'line', 2)) | LineInsertion(('triangle.py', '_inter_line', 24), ('triangle.py', 'line', 18)) | LineDeletion(('triangle.py', 'line', 14)) | LineInsertion(('triangle.py', '_inter_line', 34), ('triangle.py', 'line', 29))
2023-05-29 11:38:09,953	[INFO]	95      SUCCESS               0.0143 (15.73%) [4 edit(s)] 
2023-05-29 11:38:10,189	[DEBUG]	LineInsertion(('triangle.py', '_inter_line', 26), ('triangle.py', 'line', 2)) | LineInsertion(('triangle.py', '_inter_line', 16), ('triangle.py', 'line', 13)) | LineInsertion(('triangle.py', '_inter_line', 24), ('triangle.py', 'line', 18)) | LineInsertion(('triangle.py', '_inter_line', 34), ('triangle.py', 'line', 29))
2023-05-29 11:38:10,189	[INFO]	96      SUCCESS               0.0901 (99.12%) [4 edit(s)] 
2023-05-29 11:38:10,315	[DEBUG]	LineInsertion(('triangle.py', '_inter_line', 26), ('triangle.py', 'line', 2)) | LineInsertion(('triangle.py', '_inter_line', 16), ('triangle.py', 'line', 13)) | LineDeletion(('triangle.py', 'line', 14)) | LineInsertion(('triangle.py', '_inter_line', 34), ('triangle.py', 'line', 29))
2023-05-29 11:38:10,315	[INFO]	97      SUCCESS               0.0108 (11.88%) [4 edit(s)] 
2023-05-29 11:38:10,440	[DEBUG]	LineInsertion(('triangle.py', '_inter_line', 26), ('triangle.py', 'line', 2)) | LineInsertion(('triangle.py', '_inter_line', 16), ('triangle.py', 'line', 13)) | LineInsertion(('triangle.py', '_inter_line', 24), ('triangle.py', 'line', 18)) | LineDeletion(('triangle.py', 'line', 14)) | LineInsertion(('triangle.py', '_inter_line', 34), ('triangle.py', 'line', 29)) | LineInsertion(('triangle.py', '_inter_line', 19), ('triangle.py', 'line', 20))
2023-05-29 11:38:10,440	[INFO]	98      TEST_CODE_ERROR       None  [6 edit(s)]       
2023-05-29 11:38:10,566	[DEBUG]	LineInsertion(('triangle.py', '_inter_line', 26), ('triangle.py', 'line', 2)) | LineInsertion(('triangle.py', '_inter_line', 16), ('triangle.py', 'line', 13)) | LineInsertion(('triangle.py', '_inter_line', 24), ('triangle.py', 'line', 18)) | LineDeletion(('triangle.py', 'line', 14)) | LineInsertion(('triangle.py', '_inter_line', 34), ('triangle.py', 'line', 29)) | LineInsertion(('triangle.py', '_inter_line', 21), ('triangle.py', 'line', 20))
2023-05-29 11:38:10,566	[INFO]	99      SUCCESS               0.0104 (11.44%) [6 edit(s)] 
2023-05-29 11:38:10,731	[DEBUG]	LineInsertion(('triangle.py', '_inter_line', 26), ('triangle.py', 'line', 2)) | LineInsertion(('triangle.py', '_inter_line', 16), ('triangle.py', 'line', 13)) | LineInsertion(('triangle.py', '_inter_line', 24), ('triangle.py', 'line', 18)) | LineDeletion(('triangle.py', 'line', 14)) | LineInsertion(('triangle.py', '_inter_line', 34), ('triangle.py', 'line', 29)) | LineReplacement(('triangle.py', 'line', 34), ('triangle.py', 'line', 14))
2023-05-29 11:38:10,731	[INFO]	100     TEST_CODE_ERROR       None  [6 edit(s)]       
2023-05-29 11:38:10,731	[INFO]	==== END ====
2023-05-29 11:38:10,732	[INFO]	Reason: step budget
2023-05-29 11:38:10,732	[INFO]	
2023-05-29 11:38:10,732	[INFO]	==== REPORT ====
2023-05-29 11:38:10,732	[INFO]	Termination: step budget
2023-05-29 11:38:10,732	[INFO]	Log file: /home/diff/Desktop/MAGPIE-repository/_magpie_logs/triangle-py_slow_1685374673.log
2023-05-29 11:38:10,732	[INFO]	Patch file: _magpie_logs/triangle-py_slow_1685374673.patch
2023-05-29 11:38:10,732	[INFO]	Diff file: _magpie_logs/triangle-py_slow_1685374673.diff
2023-05-29 11:38:10,732	[INFO]	Best fitness: 0.0102
2023-05-29 11:38:10,732	[INFO]	Best patch: LineInsertion(('triangle.py', '_inter_line', 26), ('triangle.py', 'line', 2)) | LineInsertion(('triangle.py', '_inter_line', 16), ('triangle.py', 'line', 13)) | LineInsertion(('triangle.py', '_inter_line', 24), ('triangle.py', 'line', 18)) | LineDeletion(('triangle.py', 'line', 14)) | LineInsertion(('triangle.py', '_inter_line', 34), ('triangle.py', 'line', 29))
2023-05-29 11:38:10,732	[INFO]	Diff:
--- before: triangle.py
+++ after: triangle.py
@@ -12,7 +12,7 @@
 
 def classify_triangle(a, b, c):
 
-    delay()
+
 
     # Sort the sides so that a <= b <= c
     if a > b:
@@ -22,8 +22,10 @@
 
     if a > c:
         tmp = a
+        tmp = a
         a = c
         c = tmp
+
 
     if b > c:
         tmp = b
@@ -32,6 +34,7 @@
 
     if a + b <= c:
         return TriangleType.INVALID
+        b = c
     elif a == b and b == c:
         return TriangleType.EQUILATERAL
     elif a == b or b == c:

