2023-05-29 11:36:39,241	[DEBUG]	==== CONFIG ====
[magpie]
import = 
seed = 
log_dir = _magpie_logs
work_dir = _magpie_work
local_original_copy = True
local_original_name = __original__
output_encoding = ascii
edit_retries = 10
default_timeout = 30
default_lengthout = 10000.0
diff_method = unified

[software]
path = examples/code/triangle-cpp_slow
target_files = 
	triangle.cpp.xml
program = BasicProgram
engine_rules = 
	*.params : ConfigFileParamsEngine
	*.xml : SrcmlEngine
	* : LineEngine
engine_config = 
	*.params : [params]
	*.xml : [srcml]
setup_cmd = ./setup.sh
setup_timeout = 
setup_lengthout = 
compile_cmd = ./compile.sh
compile_timeout = 
compile_lengthout = 
test_cmd = ./build/test_triangle
test_timeout = 
test_lengthout = 
run_cmd = ./build/run_triangle
run_timeout = 1
run_lengthout = 
fitness = time

[srcml]
rename = 
	stmt: break continue decl_stmt do expr_stmt for goto if return switch while
	number: literal_number
focus = block stmt operator_comp operator_arith number
internodes = block
process_pseudo_blocks = True
process_literals = True
process_operators = True

[params]
timing = test run
cli_prefix = --
cli_glue = =
cli_boolean = show
cli_boolean_prefix_true = 
cli_boolean_prefix_false = no-
silent_prefix = @
silent_suffix = $

[search]
protocol = BasicProtocol
algorithm = FirstImprovement
possible_edits = 
	StmtReplacement
	StmtInsertion
	StmtDeletion
warmup = 3
warmup_strategy = last
max_steps = 100
max_time = 60
target_fitness = 
cache_maxsize = 40
cache_keep = 0.2

[search.ls]
delete_prob = 0.5
max_neighbours = 
when_trapped = continue
accept_fail = False
tabu_length = 10

[search.gp]
pop_size = 10
delete_prob = 0.5
offspring_elitism = 0.1
offspring_crossover = 0.5
offspring_mutation = 0.4
uniform_rate = 0.5


2023-05-29 11:36:39,241	[INFO]	==== WARMUP ====
2023-05-29 11:36:39,247	[INFO]	WARM    SETUP_CODE_ERROR      None                    
2023-05-29 11:36:39,247	[INFO]	!*!*!*!*!*!*!*!*!*!*!*!*!*!*!*!*!*!*!*!*!*!*!*!*!*!*!*!*!*!*!*!*!*!*!*!*!*!*!*!*
2023-05-29 11:36:39,247	[INFO]	CWD: /home/diff/Desktop/MAGPIE-repository/_magpie_work/triangle-cpp_slow_1685374599/triangle-cpp_slow
2023-05-29 11:36:39,247	[INFO]	CMD: ['./setup.sh']
2023-05-29 11:36:39,247	[INFO]	STATUS: SUCCESS
2023-05-29 11:36:39,247	[INFO]	RETURN_CODE: 127
2023-05-29 11:36:39,247	[INFO]	RUNTIME: 0.005335092544555664
2023-05-29 11:36:39,247	[INFO]	STDOUT:

2023-05-29 11:36:39,247	[INFO]	STDERR:
./setup.sh: line 6: cmake: command not found

2023-05-29 11:36:39,247	[INFO]	!*!*!*!*!*!*!*!*!*!*!*!*!*!*!*!*!*!*!*!*!*!*!*!*!*!*!*!*!*!*!*!*!*!*!*!*!*!*!*!*
2023-05-29 11:36:39,248	[INFO]	Magpie stopped because it was unable to run the (unmodified) target software
2023-05-29 11:36:39,248	[INFO]	Self-diagnostic:
2023-05-29 11:36:39,248	[INFO]	The "setup_cmd" command failed with a nonzero exit code
2023-05-29 11:36:39,248	[INFO]	--> try to run it manually
2023-05-29 11:36:39,248	[INFO]	!*!*!*!*!*!*!*!*!*!*!*!*!*!*!*!*!*!*!*!*!*!*!*!*!*!*!*!*!*!*!*!*!*!*!*!*!*!*!*!*
2023-05-29 11:36:39,248	[INFO]	==== END ====
2023-05-29 11:36:39,248	[INFO]	Reason: None
